0 verbose cli /Users/workstation/.nvm/versions/node/v18.17.0/bin/node /Users/workstation/.nvm/versions/node/v18.17.0/bin/npm
1 info using npm@10.2.5
2 info using node@v18.17.0
3 timing npm:load:whichnode Completed in 1ms
4 timing config:load:defaults Completed in 2ms
5 timing config:load:file:/Users/workstation/.nvm/versions/node/v18.17.0/lib/node_modules/npm/npmrc Completed in 3ms
6 timing config:load:builtin Completed in 3ms
7 timing config:load:cli Completed in 2ms
8 timing config:load:env Completed in 0ms
9 timing config:load:file:/Users/workstation/Programming/malik-storage/malik_storage/.npmrc Completed in 1ms
10 timing config:load:project Completed in 3ms
11 timing config:load:file:/Users/workstation/.npmrc Completed in 2ms
12 timing config:load:user Completed in 2ms
13 timing config:load:file:/Users/workstation/.nvm/versions/node/v18.17.0/etc/npmrc Completed in 0ms
14 timing config:load:global Completed in 0ms
15 timing config:load:setEnvs Completed in 1ms
16 timing config:load Completed in 14ms
17 timing npm:load:configload Completed in 14ms
18 timing config:load:flatten Completed in 4ms
19 timing npm:load:mkdirpcache Completed in 1ms
20 timing npm:load:mkdirplogs Completed in 0ms
21 verbose title npm start
22 verbose argv "start"
23 timing npm:load:setTitle Completed in 8ms
24 timing npm:load:display Completed in 0ms
25 verbose logfile logs-max:10 dir:/Users/workstation/Programming/malik-storage/malik_storage/C:UsersmynameAppDataRoamingnpm-cache/_logs/2024-03-15T11_59_45_955Z-
26 verbose logfile /Users/workstation/Programming/malik-storage/malik_storage/C:UsersmynameAppDataRoamingnpm-cache/_logs/2024-03-15T11_59_45_955Z-debug-0.log
27 timing npm:load:logFile Completed in 8ms
28 timing npm:load:timers Completed in 0ms
29 timing npm:load:configScope Completed in 0ms
30 timing npm:load Completed in 55ms
31 silly logfile done cleaning log files
32 http fetch GET 200 https://registry.npmjs.org/npm 210ms
33 http fetch GET 200 https://registry.npmjs.org/npm 303ms
34 timing command:run-script Completed in 741ms
35 timing command:start Completed in 751ms
36 notice
36 notice New [33mminor[39m version of npm available! [31m10.2.5[39m -> [32m10.5.0[39m
36 notice Changelog: [36mhttps://github.com/npm/cli/releases/tag/v10.5.0[39m
36 notice Run [32mnpm install -g npm@10.5.0[39m to update!
36 notice
37 verbose exit 1
38 timing npm Completed in 873ms
39 verbose code 1
