0 verbose cli /Users/workstation/.nvm/versions/node/v18.17.0/bin/node /Users/workstation/.nvm/versions/node/v18.17.0/bin/npm
1 info using npm@9.6.7
2 info using node@v18.17.0
3 timing npm:load:whichnode Completed in 0ms
4 timing config:load:defaults Completed in 0ms
5 timing config:load:file:/Users/workstation/.nvm/versions/node/v18.17.0/lib/node_modules/npm/npmrc Completed in 1ms
6 timing config:load:builtin Completed in 1ms
7 timing config:load:cli Completed in 1ms
8 timing config:load:env Completed in 1ms
9 timing config:load:project Completed in 0ms
10 timing config:load:file:/Users/workstation/.npmrc Completed in 2ms
11 timing config:load:user Completed in 2ms
12 timing config:load:file:/Users/workstation/.nvm/versions/node/v18.17.0/etc/npmrc Completed in 0ms
13 timing config:load:global Completed in 0ms
14 timing config:load:setEnvs Completed in 0ms
15 timing config:load Completed in 5ms
16 timing npm:load:configload Completed in 5ms
17 timing npm:load:mkdirpcache Completed in 0ms
18 timing npm:load:mkdirplogs Completed in 0ms
19 verbose title npm install npm@10.2.5
20 verbose argv "install" "--global" "npm@10.2.5"
21 timing npm:load:setTitle Completed in 5ms
22 timing config:load:flatten Completed in 1ms
23 timing npm:load:display Completed in 1ms
24 verbose logfile logs-max:10 dir:/Users/workstation/Programming/malik-storage/malik_storage/C:UsersmynameAppDataRoamingnpm-cache/_logs/2024-01-05T11_08_50_412Z-
25 verbose logfile /Users/workstation/Programming/malik-storage/malik_storage/C:UsersmynameAppDataRoamingnpm-cache/_logs/2024-01-05T11_08_50_412Z-debug-0.log
26 timing npm:load:logFile Completed in 4ms
27 timing npm:load:timers Completed in 0ms
28 timing npm:load:configScope Completed in 0ms
29 timing npm:load Completed in 17ms
30 timing config:load:flatten Completed in 0ms
31 silly logfile done cleaning log files
32 http fetch GET 200 https://registry.npmjs.org/npm 250ms (cache revalidated)
33 timing arborist:ctor Completed in 0ms
34 timing idealTree:init Completed in 2ms
35 timing idealTree:userRequests Completed in 0ms
36 silly idealTree buildDeps
37 silly fetch manifest npm@10.2.5
38 http fetch GET 200 https://registry.npmjs.org/npm 4ms (cache hit)
39 silly placeDep ROOT npm@10.2.5 OK for:  want: 10.2.5
40 timing idealTree:#root Completed in 16ms
41 timing idealTree:node_modules/npm Completed in 0ms
42 timing idealTree:buildDeps Completed in 17ms
43 timing idealTree:fixDepFlags Completed in 0ms
44 timing idealTree Completed in 20ms
45 timing reify:loadTrees Completed in 62ms
46 timing reify:diffTrees Completed in 2ms
47 silly reify mark retired [
47 silly reify   '/Users/workstation/.nvm/versions/node/v18.17.0/lib/node_modules/npm',
47 silly reify   '/Users/workstation/.nvm/versions/node/v18.17.0/bin/npm',
47 silly reify   '/Users/workstation/.nvm/versions/node/v18.17.0/bin/npx'
47 silly reify ]
48 silly reify moves {
48 silly reify   '/Users/workstation/.nvm/versions/node/v18.17.0/lib/node_modules/npm': '/Users/workstation/.nvm/versions/node/v18.17.0/lib/node_modules/.npm-t2Siemtn',
48 silly reify   '/Users/workstation/.nvm/versions/node/v18.17.0/bin/npm': '/Users/workstation/.nvm/versions/node/v18.17.0/bin/.npm-5iiHCRU9',
48 silly reify   '/Users/workstation/.nvm/versions/node/v18.17.0/bin/npx': '/Users/workstation/.nvm/versions/node/v18.17.0/bin/.npx-EXNR2LYH'
48 silly reify }
49 timing reify:retireShallow Completed in 1ms
50 timing reify:createSparse Completed in 0ms
51 silly tarball no local data for npm@https://registry.npmjs.org/npm/-/npm-10.2.5.tgz. Extracting by manifest.
52 http fetch GET 200 https://registry.npmjs.org/npm/-/npm-10.2.5.tgz 17810ms (cache miss)
53 timing reifyNode:node_modules/npm Completed in 17813ms
54 timing arborist:ctor Completed in 1ms
55 timing reify:diffTrees Completed in 3ms
56 timing reify:loadBundles Completed in 17897ms
57 timing reify:unpack Completed in 0ms
58 timing reify:unretire Completed in 0ms
59 timing build:queue Completed in 4ms
60 timing build:link:node_modules/npm/node_modules/color-support Completed in 3ms
61 timing build:link:node_modules/npm/node_modules/cssesc Completed in 3ms
62 timing build:link:node_modules/npm Completed in 3ms
63 timing build:link:node_modules/npm/node_modules/node-gyp Completed in 3ms
64 timing build:link:node_modules/npm/node_modules/mkdirp Completed in 3ms
65 timing build:link:node_modules/npm/node_modules/@npmcli/arborist Completed in 3ms
66 timing build:link:node_modules/npm/node_modules/@npmcli/installed-package-contents Completed in 3ms
67 timing build:link:node_modules/npm/node_modules/cross-spawn/node_modules/which Completed in 2ms
68 timing build:link:node_modules/npm/node_modules/glob Completed in 3ms
69 timing build:link:node_modules/npm/node_modules/qrcode-terminal Completed in 2ms
70 timing build:link:node_modules/npm/node_modules/semver Completed in 2ms
71 timing build:link:node_modules/npm/node_modules/pacote Completed in 2ms
72 timing build:link:node_modules/npm/node_modules/nopt Completed in 3ms
73 timing build:link:node_modules/npm/node_modules/which Completed in 2ms
74 timing build:link Completed in 3ms
75 timing build:deps Completed in 7ms
76 timing build Completed in 8ms
77 timing reify:build Completed in 8ms
78 timing reify:trash Completed in 110ms
79 timing reify Completed in 18083ms
80 silly CHANGE node_modules/npm
81 silly CHANGE node_modules/npm/node_modules/cmd-shim
82 silly REMOVE node_modules/npm/node_modules/@isaacs/cliui/node_modules/strip-ansi
83 silly REMOVE node_modules/npm/node_modules/@isaacs/cliui/node_modules/ansi-regex
84 silly CHANGE node_modules/npm/node_modules/@tufjs/canonical-json
85 silly CHANGE node_modules/npm/node_modules/@tufjs/models
86 silly REMOVE node_modules/npm/node_modules/@tootallnate/once
87 silly REMOVE node_modules/npm/node_modules/wrappy
88 silly REMOVE node_modules/npm/node_modules/@npmcli/move-file
89 silly CHANGE node_modules/npm/node_modules/@sigstore/protobuf-specs
90 silly CHANGE node_modules/npm/node_modules/@npmcli/run-script
91 silly CHANGE node_modules/npm/node_modules/@npmcli/query
92 silly CHANGE node_modules/npm/node_modules/@npmcli/promise-spawn
93 silly CHANGE node_modules/npm/node_modules/@npmcli/package-json
94 silly CHANGE node_modules/npm/node_modules/@npmcli/metavuln-calculator
95 silly CHANGE node_modules/npm/node_modules/@npmcli/git
96 silly CHANGE node_modules/npm/node_modules/@npmcli/installed-package-contents
97 silly CHANGE node_modules/npm/node_modules/@npmcli/arborist
98 silly CHANGE node_modules/npm/node_modules/@npmcli/config
99 silly REMOVE node_modules/npm/node_modules/@gar/promisify
100 silly REMOVE node_modules/npm/node_modules/wrap-ansi/node_modules/strip-ansi
101 silly REMOVE node_modules/npm/node_modules/wrap-ansi/node_modules/ansi-regex
102 silly REMOVE node_modules/npm/node_modules/wrap-ansi/node_modules/ansi-styles
103 silly CHANGE node_modules/npm/node_modules/which
104 silly CHANGE node_modules/npm/node_modules/tuf-js
105 silly CHANGE node_modules/npm/node_modules/string_decoder
106 silly CHANGE node_modules/npm/node_modules/tar
107 silly CHANGE node_modules/npm/node_modules/supports-color
108 silly CHANGE node_modules/npm/node_modules/qrcode-terminal
109 silly CHANGE node_modules/npm/node_modules/strip-ansi
110 silly CHANGE node_modules/npm/node_modules/ssri
111 silly CHANGE node_modules/npm/node_modules/spdx-license-ids
112 silly CHANGE node_modules/npm/node_modules/socks-proxy-agent
113 silly CHANGE node_modules/npm/node_modules/sigstore
114 silly CHANGE node_modules/npm/node_modules/safe-buffer
115 silly CHANGE node_modules/npm/node_modules/signal-exit
116 silly REMOVE node_modules/npm/node_modules/rimraf
117 silly REMOVE node_modules/npm/node_modules/rimraf/node_modules/minimatch
118 silly REMOVE node_modules/npm/node_modules/rimraf/node_modules/brace-expansion
119 silly REMOVE node_modules/npm/node_modules/rimraf/node_modules/glob
120 silly CHANGE node_modules/npm/node_modules/semver
121 silly CHANGE node_modules/npm/node_modules/readable-stream
122 silly CHANGE node_modules/npm/node_modules/read-package-json
123 silly REMOVE node_modules/npm/node_modules/path-is-absolute
124 silly CHANGE node_modules/npm/node_modules/npm-profile
125 silly CHANGE node_modules/npm/node_modules/libnpmorg
126 silly CHANGE node_modules/npm/node_modules/path-scurry
127 silly REMOVE node_modules/npm/node_modules/path-scurry/node_modules/lru-cache
128 silly CHANGE node_modules/npm/node_modules/pacote
129 silly REMOVE node_modules/npm/node_modules/once
130 silly CHANGE node_modules/npm/node_modules/libnpmdiff
131 silly CHANGE node_modules/npm/node_modules/npm-registry-fetch
132 silly CHANGE node_modules/npm/node_modules/npm-pick-manifest
133 silly CHANGE node_modules/npm/node_modules/npm-packlist
134 silly CHANGE node_modules/npm/node_modules/npm-package-arg
135 silly CHANGE node_modules/npm/node_modules/npm-install-checks
136 silly CHANGE node_modules/npm/node_modules/npm-audit-report
137 silly CHANGE node_modules/npm/node_modules/libnpmteam
138 silly CHANGE node_modules/npm/node_modules/normalize-package-data
139 silly CHANGE node_modules/npm/node_modules/nopt
140 silly CHANGE node_modules/npm/node_modules/node-gyp
141 silly REMOVE node_modules/npm/node_modules/node-gyp/node_modules/@npmcli/fs
142 silly REMOVE node_modules/npm/node_modules/node-gyp/node_modules/which
143 silly REMOVE node_modules/npm/node_modules/node-gyp/node_modules/readable-stream
144 silly REMOVE node_modules/npm/node_modules/node-gyp/node_modules/unique-slug
145 silly REMOVE node_modules/npm/node_modules/node-gyp/node_modules/minipass
146 silly REMOVE node_modules/npm/node_modules/node-gyp/node_modules/unique-filename
147 silly REMOVE node_modules/npm/node_modules/node-gyp/node_modules/signal-exit
148 silly REMOVE node_modules/npm/node_modules/node-gyp/node_modules/ssri
149 silly REMOVE node_modules/npm/node_modules/node-gyp/node_modules/minipass-fetch
150 silly REMOVE node_modules/npm/node_modules/node-gyp/node_modules/npmlog
151 silly REMOVE node_modules/npm/node_modules/node-gyp/node_modules/glob
152 silly REMOVE node_modules/npm/node_modules/node-gyp/node_modules/nopt
153 silly REMOVE node_modules/npm/node_modules/node-gyp/node_modules/gauge
154 silly REMOVE node_modules/npm/node_modules/node-gyp/node_modules/make-fetch-happen
155 silly REMOVE node_modules/npm/node_modules/node-gyp/node_modules/minimatch
156 silly REMOVE node_modules/npm/node_modules/node-gyp/node_modules/cacache
157 silly REMOVE node_modules/npm/node_modules/node-gyp/node_modules/cacache/node_modules/glob
158 silly REMOVE node_modules/npm/node_modules/node-gyp/node_modules/cacache/node_modules/minimatch
159 silly REMOVE node_modules/npm/node_modules/node-gyp/node_modules/cacache/node_modules/brace-expansion
160 silly REMOVE node_modules/npm/node_modules/node-gyp/node_modules/fs-minipass
161 silly REMOVE node_modules/npm/node_modules/node-gyp/node_modules/are-we-there-yet
162 silly REMOVE node_modules/npm/node_modules/node-gyp/node_modules/brace-expansion
163 silly REMOVE node_modules/npm/node_modules/node-gyp/node_modules/abbrev
164 silly CHANGE node_modules/npm/node_modules/mkdirp
165 silly CHANGE node_modules/npm/node_modules/minipass-fetch
166 silly CHANGE node_modules/npm/node_modules/libnpmsearch
167 silly CHANGE node_modules/npm/node_modules/libnpmversion
168 silly CHANGE node_modules/npm/node_modules/minipass-collect
169 silly REMOVE node_modules/npm/node_modules/minipass-collect/node_modules/minipass
170 silly CHANGE node_modules/npm/node_modules/minipass
171 silly CHANGE node_modules/npm/node_modules/minimatch
172 silly CHANGE node_modules/npm/node_modules/make-fetch-happen
173 silly CHANGE node_modules/npm/node_modules/libnpmpublish
174 silly CHANGE node_modules/npm/node_modules/lru-cache
175 silly CHANGE node_modules/npm/node_modules/libnpmhook
176 silly CHANGE node_modules/npm/node_modules/libnpmpack
177 silly CHANGE node_modules/npm/node_modules/libnpmexec
178 silly CHANGE node_modules/npm/node_modules/libnpmaccess
179 silly REMOVE node_modules/npm/node_modules/inherits
180 silly CHANGE node_modules/npm/node_modules/jackspeak
181 silly CHANGE node_modules/npm/node_modules/libnpmfund
182 silly CHANGE node_modules/npm/node_modules/is-cidr
183 silly CHANGE node_modules/npm/node_modules/init-package-json
184 silly CHANGE node_modules/npm/node_modules/ip-regex
185 silly CHANGE node_modules/npm/node_modules/json-parse-even-better-errors
186 silly REMOVE node_modules/npm/node_modules/infer-owner
187 silly REMOVE node_modules/npm/node_modules/inflight
188 silly CHANGE node_modules/npm/node_modules/is-core-module
189 silly CHANGE node_modules/npm/node_modules/ini
190 silly REMOVE node_modules/npm/node_modules/fs.realpath
191 silly CHANGE node_modules/npm/node_modules/ignore-walk
192 silly REMOVE node_modules/npm/node_modules/humanize-ms
193 silly CHANGE node_modules/npm/node_modules/https-proxy-agent
194 silly CHANGE node_modules/npm/node_modules/http-proxy-agent
195 silly CHANGE node_modules/npm/node_modules/hosted-git-info
196 silly REMOVE node_modules/npm/node_modules/has-flag
197 silly REMOVE node_modules/npm/node_modules/has
198 silly CHANGE node_modules/npm/node_modules/glob
199 silly CHANGE node_modules/npm/node_modules/function-bind
200 silly CHANGE node_modules/npm/node_modules/fs-minipass
201 silly CHANGE node_modules/npm/node_modules/cross-spawn/node_modules/which
202 silly REMOVE node_modules/npm/node_modules/concat-map
203 silly REMOVE node_modules/npm/node_modules/depd
204 silly CHANGE node_modules/npm/node_modules/cssesc
205 silly CHANGE node_modules/npm/node_modules/cidr-regex
206 silly CHANGE node_modules/npm/node_modules/color-support
207 silly CHANGE node_modules/npm/node_modules/ci-info
208 silly CHANGE node_modules/npm/node_modules/chalk
209 silly CHANGE node_modules/npm/node_modules/cacache
210 silly CHANGE node_modules/npm/node_modules/are-we-there-yet
211 silly CHANGE node_modules/npm/node_modules/bin-links
212 silly CHANGE node_modules/npm/node_modules/ansi-styles
213 silly CHANGE node_modules/npm/node_modules/ansi-regex
214 silly REMOVE node_modules/npm/node_modules/agentkeepalive
215 silly CHANGE node_modules/npm/node_modules/agent-base
216 timing command:install Completed in 18359ms
217 verbose exit 0
218 timing npm Completed in 18472ms
219 info ok
