0 verbose cli /Users/workstation/.nvm/versions/node/v18.17.0/bin/node /Users/workstation/.nvm/versions/node/v18.17.0/bin/npm
1 info using npm@10.2.5
2 info using node@v18.17.0
3 timing npm:load:whichnode Completed in 26ms
4 timing config:load:defaults Completed in 12ms
5 timing config:load:file:/Users/workstation/.nvm/versions/node/v18.17.0/lib/node_modules/npm/npmrc Completed in 1ms
6 timing config:load:builtin Completed in 1ms
7 timing config:load:cli Completed in 2ms
8 timing config:load:env Completed in 1ms
9 timing config:load:file:/Users/workstation/Programming/malik-storage/malik_storage/.npmrc Completed in 1ms
10 timing config:load:project Completed in 3ms
11 timing config:load:file:/Users/workstation/.npmrc Completed in 7ms
12 timing config:load:user Completed in 7ms
13 timing config:load:file:/Users/workstation/.nvm/versions/node/v18.17.0/etc/npmrc Completed in 1ms
14 timing config:load:global Completed in 2ms
15 timing config:load:setEnvs Completed in 1ms
16 timing config:load Completed in 29ms
17 timing npm:load:configload Completed in 29ms
18 timing config:load:flatten Completed in 3ms
19 timing npm:load:mkdirpcache Completed in 2ms
20 timing npm:load:mkdirplogs Completed in 1ms
21 verbose title npm run dev
22 verbose argv "run" "dev"
23 timing npm:load:setTitle Completed in 19ms
24 timing npm:load:display Completed in 1ms
25 verbose logfile logs-max:10 dir:/Users/workstation/Programming/malik-storage/malik_storage/C:UsersmynameAppDataRoamingnpm-cache/_logs/2024-03-15T13_50_46_097Z-
26 verbose logfile /Users/workstation/Programming/malik-storage/malik_storage/C:UsersmynameAppDataRoamingnpm-cache/_logs/2024-03-15T13_50_46_097Z-debug-0.log
27 timing npm:load:logFile Completed in 17ms
28 timing npm:load:timers Completed in 0ms
29 timing npm:load:configScope Completed in 0ms
30 timing npm:load Completed in 125ms
31 silly logfile done cleaning log files
32 timing command:run Completed in 347153ms
33 verbose exit 0
34 timing npm Completed in 347442ms
35 info ok
